[2025-05-04 12:12:00][user_id: 4
chat_id: 10
content: dwadawd]
[2025-05-04 12:12:05][user_id: 4
chat_id: 10
content: daw]
[2025-05-04 12:13:18][user_id: 4
chat_id: 10
content: dawad]
[2025-05-04 12:14:05][user_id: 4
chat_id: 10
content: dawda]
[2025-05-04 12:14:07][user_id: 4
chat_id: 10
content: dawdaw]
[2025-05-04 12:14:12][user_id: 4
chat_id: 10
content: aaaa]
[2025-05-04 12:16:24][user_id: 4
chat_id: 24
content: icoa]
[2025-05-04 12:57:32][user_id: 1
chat_id: 5
content: wdaw]
[2025-05-05 08:57:12][user_id: 2
chat_id: 1
content: ciao]
[2025-05-05 08:57:35][user_id: 2
chat_id: 1
content: ipere ciappe èpepwjf ofpwwifjja peieieiwpd ifpoiejfweopij dsjfwpfijwepiofio wjpoifwjefwpeoifjwe]
[2025-05-05 08:57:49][user_id: 2
chat_id: 1
content: ciao]
[2025-05-05 09:14:55][user_id: 2
chat_id: 28
content: ciao]
[2025-05-05 09:14:58][user_id: 2
chat_id: 28
content: hei]
